2024-11-06 00:02:53,102 - root - INFO - Sistema de logging iniciado com sucesso
2024-11-06 00:02:53,102 - root - INFO - Logging iniciado com sucesso
2024-11-06 00:02:53,181 - root - INFO - Tamanho da fonte alterado para: 15
2024-11-06 00:02:53,182 - database - INFO - Tabelas criadas/verificadas com sucesso
2024-11-06 00:02:53,237 - root - INFO - Procurando som em: C:\Users\User\Desktop\Gabriel\Estudos\tet\assets\sons\startup.wav
2024-11-06 00:02:53,239 - root - INFO - Arquivo de som encontrado!
2024-11-06 00:02:53,241 - root - INFO - Som iniciado com sucesso
2024-11-06 00:03:03,809 - usuario_model - INFO - Usuário atualizado: Gabriel
2024-11-06 00:03:03,813 - auth_controller - INFO - Login bem sucedido: Gabriel
2024-11-06 00:03:04,008 - criptografia - INFO - Chave de criptografia carregada
2024-11-06 00:03:04,009 - senha_controller - INFO - Senhas listadas com sucesso
2024-11-06 00:03:04,024 - gerenciador_view - INFO - Lista atualizada com 1 senhas
2024-11-06 00:03:37,442 - auth_controller - INFO - Logout realizado: Gabriel
2024-11-06 00:03:46,870 - root - INFO - Sistema de logging iniciado com sucesso
2024-11-06 00:03:46,870 - root - INFO - Logging iniciado com sucesso
2024-11-06 00:03:46,957 - root - INFO - Tamanho da fonte alterado para: 15
2024-11-06 00:03:46,958 - database - INFO - Tabelas criadas/verificadas com sucesso
2024-11-06 00:03:47,012 - root - INFO - Procurando som em: C:\Users\User\Desktop\Gabriel\Estudos\tet\assets\sons\startup.wav
2024-11-06 00:03:47,013 - root - INFO - Arquivo de som encontrado!
2024-11-06 00:03:47,015 - root - INFO - Som iniciado com sucesso
2024-11-06 00:03:52,001 - root - ERROR - Erro ao carregar ícone no popup: bitmap "C:\Users\User\Desktop\Gabriel\Estudos\tet\views\popups\assets\icones\felichia.ico" not defined
2024-11-06 00:03:52,003 - root - ERROR - Erro ao definir ícone no MensagemPopup: bitmap "C:\Users\User\Desktop\Gabriel\Estudos\tet\views\popups\assets\icones\felichia.ico" not defined
2024-11-06 00:03:56,338 - usuario_model - INFO - Usuário atualizado: Gabriel
2024-11-06 00:03:56,341 - auth_controller - INFO - Login bem sucedido: Gabriel
2024-11-06 00:03:56,505 - criptografia - INFO - Chave de criptografia carregada
2024-11-06 00:03:56,505 - senha_controller - INFO - Senhas listadas com sucesso
2024-11-06 00:03:56,518 - gerenciador_view - INFO - Lista atualizada com 1 senhas
2024-11-06 00:05:00,188 - auth_controller - INFO - Logout realizado: Gabriel
2024-11-06 00:05:06,293 - root - INFO - Sistema de logging iniciado com sucesso
2024-11-06 00:05:06,293 - root - INFO - Logging iniciado com sucesso
2024-11-06 00:05:06,383 - root - INFO - Tamanho da fonte alterado para: 15
2024-11-06 00:05:06,384 - database - INFO - Tabelas criadas/verificadas com sucesso
2024-11-06 00:05:06,439 - root - INFO - Procurando som em: C:\Users\User\Desktop\Gabriel\Estudos\tet\assets\sons\startup.wav
2024-11-06 00:05:06,439 - root - INFO - Arquivo de som encontrado!
2024-11-06 00:05:06,442 - root - INFO - Som iniciado com sucesso
2024-11-06 00:05:15,564 - usuario_model - INFO - Usuário atualizado: Gabriel
2024-11-06 00:05:15,566 - auth_controller - INFO - Login bem sucedido: Gabriel
2024-11-06 00:05:15,715 - criptografia - INFO - Chave de criptografia carregada
2024-11-06 00:05:15,715 - senha_controller - INFO - Senhas listadas com sucesso
2024-11-06 00:05:15,729 - gerenciador_view - INFO - Lista atualizada com 1 senhas
2024-11-06 00:06:32,671 - auth_controller - INFO - Logout realizado: Gabriel
2024-11-06 00:06:43,098 - usuario_model - INFO - Usuário atualizado: Gabriel
2024-11-06 00:06:43,101 - auth_controller - INFO - Login bem sucedido: Gabriel
2024-11-06 00:06:43,228 - criptografia - INFO - Chave de criptografia carregada
2024-11-06 00:06:43,229 - senha_controller - INFO - Senhas listadas com sucesso
2024-11-06 00:06:43,239 - gerenciador_view - INFO - Lista atualizada com 1 senhas
2024-11-06 00:06:53,880 - criptografia - INFO - Chave de criptografia carregada
2024-11-06 00:06:53,881 - senha_controller - INFO - Senhas listadas com sucesso
2024-11-06 00:06:53,910 - criptografia - INFO - Chave de criptografia carregada
2024-11-06 00:06:53,910 - senha_controller - INFO - Senhas listadas com sucesso
2024-11-06 00:06:54,791 - criptografia - INFO - Chave de criptografia carregada
2024-11-06 00:06:54,791 - senha_controller - INFO - Senhas listadas com sucesso
2024-11-06 00:11:41,625 - auth_controller - INFO - Logout realizado: Gabriel
2024-11-06 00:11:52,081 - root - INFO - Sistema de logging iniciado com sucesso
2024-11-06 00:11:52,081 - root - INFO - Logging iniciado com sucesso
2024-11-06 00:11:52,167 - root - INFO - Tamanho da fonte alterado para: 15
2024-11-06 00:11:52,168 - database - INFO - Tabelas criadas/verificadas com sucesso
2024-11-06 00:11:52,224 - root - INFO - Procurando som em: C:\Users\User\Desktop\Gabriel\Estudos\tet\assets\sons\startup.wav
2024-11-06 00:11:52,225 - root - INFO - Arquivo de som encontrado!
2024-11-06 00:11:52,228 - root - INFO - Som iniciado com sucesso
2024-11-06 00:12:02,972 - usuario_model - INFO - Usuário atualizado: Gabriel
2024-11-06 00:12:02,975 - auth_controller - INFO - Login bem sucedido: Gabriel
2024-11-06 00:12:03,133 - criptografia - INFO - Chave de criptografia carregada
2024-11-06 00:12:03,133 - senha_controller - INFO - Senhas listadas com sucesso
2024-11-06 00:12:03,145 - gerenciador_view - INFO - Lista atualizada com 1 senhas
2024-11-06 00:12:07,651 - root - ERROR - Erro ao carregar ícone no popup: bitmap "C:\Users\User\Desktop\Gabriel\Estudos\tet\views\popups\assets\icones\felichia.ico" not defined
2024-11-06 00:12:07,654 - root - ERROR - Erro ao definir ícone no MensagemPopup: bitmap "C:\Users\User\Desktop\Gabriel\Estudos\tet\views\popups\assets\icones\felichia.ico" not defined
2024-11-06 00:12:18,381 - criptografia - INFO - Chave de criptografia carregada
2024-11-06 00:12:18,386 - senha_model - INFO - Nova senha criada para o site: Suap
2024-11-06 00:12:18,388 - senha_controller - INFO - Nova senha adicionada para o site: Suap
2024-11-06 00:12:18,409 - root - ERROR - Erro ao carregar ícone no popup: bitmap "C:\Users\User\Desktop\Gabriel\Estudos\tet\views\popups\assets\icones\felichia.ico" not defined
2024-11-06 00:12:18,412 - root - ERROR - Erro ao definir ícone no MensagemPopup: bitmap "C:\Users\User\Desktop\Gabriel\Estudos\tet\views\popups\assets\icones\felichia.ico" not defined
2024-11-06 00:12:24,611 - root - ERROR - Erro ao carregar ícone no popup: bitmap "C:\Users\User\Desktop\Gabriel\Estudos\tet\views\popups\assets\icones\felichia.ico" not defined
2024-11-06 00:12:24,614 - root - ERROR - Erro ao definir ícone no MensagemPopup: bitmap "C:\Users\User\Desktop\Gabriel\Estudos\tet\views\popups\assets\icones\felichia.ico" not defined
2024-11-06 00:12:36,389 - root - ERROR - Erro ao carregar ícone no popup: bitmap "C:\Users\User\Desktop\Gabriel\Estudos\tet\views\popups\assets\icones\felichia.ico" not defined
2024-11-06 00:12:36,391 - root - ERROR - Erro ao definir ícone no MensagemPopup: bitmap "C:\Users\User\Desktop\Gabriel\Estudos\tet\views\popups\assets\icones\felichia.ico" not defined
2024-11-06 00:12:37,879 - root - ERROR - Erro ao carregar ícone no popup: bitmap "C:\Users\User\Desktop\Gabriel\Estudos\tet\views\popups\assets\icones\felichia.ico" not defined
2024-11-06 00:12:37,881 - root - ERROR - Erro ao definir ícone no MensagemPopup: bitmap "C:\Users\User\Desktop\Gabriel\Estudos\tet\views\popups\assets\icones\felichia.ico" not defined
2024-11-06 00:12:41,014 - root - ERROR - Erro ao carregar ícone no popup: bitmap "C:\Users\User\Desktop\Gabriel\Estudos\tet\views\popups\assets\icones\felichia.ico" not defined
2024-11-06 00:12:41,015 - root - ERROR - Erro ao definir ícone no MensagemPopup: bitmap "C:\Users\User\Desktop\Gabriel\Estudos\tet\views\popups\assets\icones\felichia.ico" not defined
2024-11-06 00:13:21,325 - auth_controller - INFO - Logout realizado: Gabriel
2024-11-06 00:22:11,715 - root - INFO - Sistema de logging iniciado com sucesso
2024-11-06 00:22:11,715 - root - INFO - Logging iniciado com sucesso
2024-11-06 00:22:11,799 - root - INFO - Tamanho da fonte alterado para: 15
2024-11-06 00:22:11,801 - database - INFO - Tabelas criadas/verificadas com sucesso
2024-11-06 00:22:11,859 - root - INFO - Procurando som em: C:\Users\User\Desktop\Gabriel\Estudos\tet\assets\sons\startup.wav
2024-11-06 00:22:11,860 - root - INFO - Arquivo de som encontrado!
2024-11-06 00:22:11,862 - root - INFO - Som iniciado com sucesso
2024-11-06 00:22:23,036 - usuario_model - INFO - Usuário atualizado: Gabriel
2024-11-06 00:22:23,038 - auth_controller - INFO - Login bem sucedido: Gabriel
2024-11-06 00:22:23,201 - criptografia - INFO - Chave de criptografia carregada
2024-11-06 00:22:23,202 - criptografia - INFO - Chave de criptografia carregada
2024-11-06 00:22:23,202 - senha_controller - INFO - Senhas listadas com sucesso
2024-11-06 00:22:23,226 - gerenciador_view - INFO - Lista atualizada com 2 senhas
2024-11-06 00:22:33,903 - root - ERROR - Erro ao carregar ícone no popup: bitmap "C:\Users\User\Desktop\Gabriel\Estudos\tet\views\popups\assets\icones\felichia.ico" not defined
2024-11-06 00:22:34,928 - root - INFO - Tamanho da fonte alterado para: 17
2024-11-06 00:22:35,176 - root - ERROR - Erro ao carregar ícone no popup: bitmap "C:\Users\User\Desktop\Gabriel\Estudos\tet\views\popups\assets\icones\felichia.ico" not defined
2024-11-06 00:22:35,178 - root - ERROR - Erro ao definir ícone no MensagemPopup: bitmap "C:\Users\User\Desktop\Gabriel\Estudos\tet\views\popups\assets\icones\felichia.ico" not defined
2024-11-06 00:22:39,665 - root - ERROR - Erro ao carregar ícone no popup: bitmap "C:\Users\User\Desktop\Gabriel\Estudos\tet\views\popups\assets\icones\felichia.ico" not defined
2024-11-06 00:22:40,573 - root - INFO - Tamanho da fonte alterado para: 15
2024-11-06 00:22:40,808 - root - ERROR - Erro ao carregar ícone no popup: bitmap "C:\Users\User\Desktop\Gabriel\Estudos\tet\views\popups\assets\icones\felichia.ico" not defined
2024-11-06 00:22:40,810 - root - ERROR - Erro ao definir ícone no MensagemPopup: bitmap "C:\Users\User\Desktop\Gabriel\Estudos\tet\views\popups\assets\icones\felichia.ico" not defined
2024-11-06 00:22:45,577 - root - ERROR - Erro ao carregar ícone no popup: bitmap "C:\Users\User\Desktop\Gabriel\Estudos\tet\views\popups\assets\icones\felichia.ico" not defined
2024-11-06 00:22:46,623 - root - INFO - Tamanho da fonte alterado para: 11
2024-11-06 00:22:46,852 - root - ERROR - Erro ao carregar ícone no popup: bitmap "C:\Users\User\Desktop\Gabriel\Estudos\tet\views\popups\assets\icones\felichia.ico" not defined
2024-11-06 00:22:46,854 - root - ERROR - Erro ao definir ícone no MensagemPopup: bitmap "C:\Users\User\Desktop\Gabriel\Estudos\tet\views\popups\assets\icones\felichia.ico" not defined
2024-11-06 00:22:50,311 - root - ERROR - Erro ao carregar ícone no popup: bitmap "C:\Users\User\Desktop\Gabriel\Estudos\tet\views\popups\assets\icones\felichia.ico" not defined
2024-11-06 00:22:51,447 - root - INFO - Tamanho da fonte alterado para: 17
2024-11-06 00:22:51,701 - root - ERROR - Erro ao carregar ícone no popup: bitmap "C:\Users\User\Desktop\Gabriel\Estudos\tet\views\popups\assets\icones\felichia.ico" not defined
2024-11-06 00:22:51,704 - root - ERROR - Erro ao definir ícone no MensagemPopup: bitmap "C:\Users\User\Desktop\Gabriel\Estudos\tet\views\popups\assets\icones\felichia.ico" not defined
2024-11-06 00:23:02,729 - root - ERROR - Erro ao carregar ícone no popup: bitmap "C:\Users\User\Desktop\Gabriel\Estudos\tet\views\popups\assets\icones\felichia.ico" not defined
2024-11-06 00:23:04,153 - root - INFO - Tamanho da fonte alterado para: 15
2024-11-06 00:23:04,358 - root - ERROR - Erro ao carregar ícone no popup: bitmap "C:\Users\User\Desktop\Gabriel\Estudos\tet\views\popups\assets\icones\felichia.ico" not defined
2024-11-06 00:23:04,360 - root - ERROR - Erro ao definir ícone no MensagemPopup: bitmap "C:\Users\User\Desktop\Gabriel\Estudos\tet\views\popups\assets\icones\felichia.ico" not defined
2024-11-06 00:24:43,721 - auth_controller - INFO - Logout realizado: Gabriel
2024-11-06 00:24:57,236 - root - INFO - Sistema de logging iniciado com sucesso
2024-11-06 00:24:57,237 - root - INFO - Logging iniciado com sucesso
2024-11-06 00:24:57,324 - root - INFO - Tamanho da fonte alterado para: 15
2024-11-06 00:24:57,325 - database - INFO - Tabelas criadas/verificadas com sucesso
2024-11-06 00:24:57,385 - root - INFO - Procurando som em: C:\Users\User\Desktop\Gabriel\Estudos\tet\assets\sons\startup.wav
2024-11-06 00:24:57,386 - root - INFO - Arquivo de som encontrado!
2024-11-06 00:24:57,387 - root - INFO - Som iniciado com sucesso
2024-11-06 00:25:07,961 - usuario_model - INFO - Usuário atualizado: Gabriel
2024-11-06 00:25:07,965 - auth_controller - INFO - Login bem sucedido: Gabriel
2024-11-06 00:25:08,120 - criptografia - INFO - Chave de criptografia carregada
2024-11-06 00:25:08,120 - criptografia - INFO - Chave de criptografia carregada
2024-11-06 00:25:08,120 - senha_controller - INFO - Senhas listadas com sucesso
2024-11-06 00:25:08,141 - gerenciador_view - INFO - Lista atualizada com 2 senhas
2024-11-06 00:25:13,169 - root - ERROR - Erro ao carregar ícone no popup: bitmap "C:\Users\User\Desktop\Gabriel\Estudos\tet\views\popups\assets\icones\felichia.ico" not defined
2024-11-06 00:25:14,270 - root - INFO - Tamanho da fonte alterado para: 17
2024-11-06 00:25:14,454 - root - ERROR - Erro ao carregar ícone no popup: bitmap "C:\Users\User\Desktop\Gabriel\Estudos\tet\views\popups\assets\icones\felichia.ico" not defined
2024-11-06 00:25:14,457 - root - ERROR - Erro ao definir ícone no MensagemPopup: bitmap "C:\Users\User\Desktop\Gabriel\Estudos\tet\views\popups\assets\icones\felichia.ico" not defined
2024-11-06 00:25:15,794 - criptografia - INFO - Chave de criptografia carregada
2024-11-06 00:25:15,794 - criptografia - INFO - Chave de criptografia carregada
2024-11-06 00:25:15,796 - senha_controller - INFO - Senhas listadas com sucesso
2024-11-06 00:25:15,825 - gerenciador_view - INFO - Lista atualizada com 2 senhas
2024-11-06 00:25:16,590 - root - ERROR - Erro ao carregar ícone no popup: bitmap "C:\Users\User\Desktop\Gabriel\Estudos\tet\views\popups\assets\icones\felichia.ico" not defined
2024-11-06 00:25:16,592 - root - ERROR - Erro ao definir ícone no MensagemPopup: bitmap "C:\Users\User\Desktop\Gabriel\Estudos\tet\views\popups\assets\icones\felichia.ico" not defined
2024-11-06 00:25:26,754 - auth_controller - INFO - Logout realizado: Gabriel
2024-11-06 00:26:28,393 - root - INFO - Sistema de logging iniciado com sucesso
2024-11-06 00:26:28,394 - root - INFO - Logging iniciado com sucesso
2024-11-06 00:26:28,484 - root - INFO - Tamanho da fonte alterado para: 17
2024-11-06 00:26:28,486 - database - INFO - Tabelas criadas/verificadas com sucesso
2024-11-06 00:26:28,544 - root - INFO - Procurando som em: C:\Users\User\Desktop\Gabriel\Estudos\tet\assets\sons\startup.wav
2024-11-06 00:26:28,544 - root - INFO - Arquivo de som encontrado!
2024-11-06 00:26:28,547 - root - INFO - Som iniciado com sucesso
2024-11-06 00:26:46,258 - usuario_model - INFO - Usuário atualizado: Gabriel
2024-11-06 00:26:46,260 - auth_controller - INFO - Login bem sucedido: Gabriel
2024-11-06 00:26:46,429 - criptografia - INFO - Chave de criptografia carregada
2024-11-06 00:26:46,429 - criptografia - INFO - Chave de criptografia carregada
2024-11-06 00:26:46,431 - senha_controller - INFO - Senhas listadas com sucesso
2024-11-06 00:26:46,455 - gerenciador_view - INFO - Lista atualizada com 2 senhas
2024-11-06 00:32:38,865 - root - INFO - Sistema de logging iniciado com sucesso
2024-11-06 00:32:38,866 - root - INFO - Logging iniciado com sucesso
2024-11-06 00:32:38,951 - root - INFO - Tamanho da fonte alterado para: 17
2024-11-06 00:32:38,953 - database - INFO - Tabelas criadas/verificadas com sucesso
2024-11-06 00:32:39,013 - root - INFO - Procurando som em: C:\Users\User\Desktop\Gabriel\Estudos\tet\assets\sons\startup.wav
2024-11-06 00:32:39,013 - root - INFO - Arquivo de som encontrado!
2024-11-06 00:32:39,016 - root - INFO - Som iniciado com sucesso
2024-11-06 00:37:26,452 - usuario_model - INFO - Usuário atualizado: Gabriel
2024-11-06 00:37:26,454 - auth_controller - INFO - Login bem sucedido: Gabriel
2024-11-06 00:37:26,605 - criptografia - INFO - Chave de criptografia carregada
2024-11-06 00:37:26,606 - criptografia - INFO - Chave de criptografia carregada
2024-11-06 00:37:26,606 - senha_controller - INFO - Senhas listadas com sucesso
2024-11-06 00:37:26,628 - gerenciador_view - INFO - Lista atualizada com 2 senhas
2024-11-06 00:39:51,906 - root - ERROR - Erro ao carregar ícone no popup: bitmap "C:\Users\User\Desktop\Gabriel\Estudos\tet\views\popups\assets\icones\felichia.ico" not defined
2024-11-06 00:39:52,483 - root - INFO - Tamanho da fonte alterado para: 17
2024-11-06 00:39:52,536 - root - ERROR - Erro ao carregar ícone no popup: bitmap "C:\Users\User\Desktop\Gabriel\Estudos\tet\views\popups\assets\icones\felichia.ico" not defined
2024-11-06 00:39:52,537 - root - ERROR - Erro ao definir ícone no MensagemPopup: bitmap "C:\Users\User\Desktop\Gabriel\Estudos\tet\views\popups\assets\icones\felichia.ico" not defined
2024-11-06 00:39:53,764 - root - ERROR - Erro ao carregar ícone no popup: bitmap "C:\Users\User\Desktop\Gabriel\Estudos\tet\views\popups\assets\icones\felichia.ico" not defined
2024-11-06 00:39:55,251 - root - INFO - Tamanho da fonte alterado para: 15
2024-11-06 00:39:55,483 - root - ERROR - Erro ao carregar ícone no popup: bitmap "C:\Users\User\Desktop\Gabriel\Estudos\tet\views\popups\assets\icones\felichia.ico" not defined
2024-11-06 00:39:55,486 - root - ERROR - Erro ao definir ícone no MensagemPopup: bitmap "C:\Users\User\Desktop\Gabriel\Estudos\tet\views\popups\assets\icones\felichia.ico" not defined
2024-11-06 00:39:57,103 - root - ERROR - Erro ao carregar ícone no popup: bitmap "C:\Users\User\Desktop\Gabriel\Estudos\tet\views\popups\assets\icones\felichia.ico" not defined
2024-11-06 00:39:58,501 - root - INFO - Tamanho da fonte alterado para: 11
2024-11-06 00:39:58,735 - root - ERROR - Erro ao carregar ícone no popup: bitmap "C:\Users\User\Desktop\Gabriel\Estudos\tet\views\popups\assets\icones\felichia.ico" not defined
2024-11-06 00:39:58,737 - root - ERROR - Erro ao definir ícone no MensagemPopup: bitmap "C:\Users\User\Desktop\Gabriel\Estudos\tet\views\popups\assets\icones\felichia.ico" not defined
2024-11-06 00:40:01,274 - root - ERROR - Erro ao carregar ícone no popup: bitmap "C:\Users\User\Desktop\Gabriel\Estudos\tet\views\popups\assets\icones\felichia.ico" not defined
2024-11-06 00:40:03,192 - root - INFO - Tamanho da fonte alterado para: 13
2024-11-06 00:40:03,419 - root - ERROR - Erro ao carregar ícone no popup: bitmap "C:\Users\User\Desktop\Gabriel\Estudos\tet\views\popups\assets\icones\felichia.ico" not defined
2024-11-06 00:40:03,421 - root - ERROR - Erro ao definir ícone no MensagemPopup: bitmap "C:\Users\User\Desktop\Gabriel\Estudos\tet\views\popups\assets\icones\felichia.ico" not defined
2024-11-06 00:40:05,431 - root - ERROR - Erro ao carregar ícone no popup: bitmap "C:\Users\User\Desktop\Gabriel\Estudos\tet\views\popups\assets\icones\felichia.ico" not defined
2024-11-06 00:40:06,254 - root - INFO - Tamanho da fonte alterado para: 15
2024-11-06 00:40:06,490 - root - ERROR - Erro ao carregar ícone no popup: bitmap "C:\Users\User\Desktop\Gabriel\Estudos\tet\views\popups\assets\icones\felichia.ico" not defined
2024-11-06 00:40:06,492 - root - ERROR - Erro ao definir ícone no MensagemPopup: bitmap "C:\Users\User\Desktop\Gabriel\Estudos\tet\views\popups\assets\icones\felichia.ico" not defined
2024-11-06 00:40:08,599 - root - ERROR - Erro ao carregar ícone no popup: bitmap "C:\Users\User\Desktop\Gabriel\Estudos\tet\views\popups\assets\icones\felichia.ico" not defined
2024-11-06 00:40:10,565 - root - INFO - Tamanho da fonte alterado para: 13
2024-11-06 00:40:10,795 - root - ERROR - Erro ao carregar ícone no popup: bitmap "C:\Users\User\Desktop\Gabriel\Estudos\tet\views\popups\assets\icones\felichia.ico" not defined
2024-11-06 00:40:10,797 - root - ERROR - Erro ao definir ícone no MensagemPopup: bitmap "C:\Users\User\Desktop\Gabriel\Estudos\tet\views\popups\assets\icones\felichia.ico" not defined
2024-11-06 00:40:13,460 - root - ERROR - Erro ao carregar ícone no popup: bitmap "C:\Users\User\Desktop\Gabriel\Estudos\tet\views\popups\assets\icones\felichia.ico" not defined
2024-11-06 00:40:17,697 - backup_service - INFO - Backup exportado com sucesso para: C:/Users/User/Desktop/backup_senhas_20241106_004014.json
2024-11-06 00:40:17,715 - root - ERROR - Erro ao carregar ícone no popup: bitmap "C:\Users\User\Desktop\Gabriel\Estudos\tet\views\popups\assets\icones\felichia.ico" not defined
2024-11-06 00:40:17,717 - root - ERROR - Erro ao definir ícone no MensagemPopup: bitmap "C:\Users\User\Desktop\Gabriel\Estudos\tet\views\popups\assets\icones\felichia.ico" not defined
2024-11-06 00:40:24,452 - root - ERROR - Erro ao carregar ícone no popup: bitmap "C:\Users\User\Desktop\Gabriel\Estudos\tet\views\popups\assets\icones\felichia.ico" not defined
2024-11-06 00:40:24,455 - root - ERROR - Erro ao definir ícone no MensagemPopup: bitmap "C:\Users\User\Desktop\Gabriel\Estudos\tet\views\popups\assets\icones\felichia.ico" not defined
2024-11-06 00:40:24,463 - criptografia - INFO - Chave de criptografia carregada
2024-11-06 00:40:24,463 - criptografia - INFO - Chave de criptografia carregada
2024-11-06 00:40:24,463 - senha_controller - INFO - Senhas listadas com sucesso
2024-11-06 00:40:24,490 - gerenciador_view - INFO - Lista atualizada com 2 senhas
2024-11-06 00:40:27,900 - root - ERROR - Erro ao carregar ícone no popup: bitmap "C:\Users\User\Desktop\Gabriel\Estudos\tet\views\popups\assets\icones\felichia.ico" not defined
2024-11-06 00:40:27,902 - root - ERROR - Erro ao definir ícone no MensagemPopup: bitmap "C:\Users\User\Desktop\Gabriel\Estudos\tet\views\popups\assets\icones\felichia.ico" not defined
2024-11-06 00:40:30,128 - criptografia - INFO - Chave de criptografia carregada
2024-11-06 00:40:30,129 - senha_model - INFO - Senha deletada para o site: a
2024-11-06 00:40:30,131 - senha_controller - INFO - Senha removida para o site: a
2024-11-06 00:40:30,147 - root - ERROR - Erro ao carregar ícone no popup: bitmap "C:\Users\User\Desktop\Gabriel\Estudos\tet\views\popups\assets\icones\felichia.ico" not defined
2024-11-06 00:40:30,149 - root - ERROR - Erro ao definir ícone no MensagemPopup: bitmap "C:\Users\User\Desktop\Gabriel\Estudos\tet\views\popups\assets\icones\felichia.ico" not defined
2024-11-06 00:40:30,156 - criptografia - INFO - Chave de criptografia carregada
2024-11-06 00:40:30,157 - senha_controller - INFO - Senhas listadas com sucesso
2024-11-06 00:40:30,176 - gerenciador_view - INFO - Lista atualizada com 1 senhas
2024-11-06 00:40:32,490 - criptografia - INFO - Chave de criptografia carregada
2024-11-06 00:40:32,494 - senha_model - INFO - Senha deletada para o site: Suap
2024-11-06 00:40:32,496 - senha_controller - INFO - Senha removida para o site: Suap
2024-11-06 00:40:32,511 - root - ERROR - Erro ao carregar ícone no popup: bitmap "C:\Users\User\Desktop\Gabriel\Estudos\tet\views\popups\assets\icones\felichia.ico" not defined
2024-11-06 00:40:32,513 - root - ERROR - Erro ao definir ícone no MensagemPopup: bitmap "C:\Users\User\Desktop\Gabriel\Estudos\tet\views\popups\assets\icones\felichia.ico" not defined
2024-11-06 00:40:32,520 - senha_controller - INFO - Senhas listadas com sucesso
2024-11-06 00:40:32,527 - gerenciador_view - INFO - Lista atualizada - nenhuma senha encontrada
2024-11-06 00:40:34,187 - root - ERROR - Erro ao carregar ícone no popup: bitmap "C:\Users\User\Desktop\Gabriel\Estudos\tet\views\popups\assets\icones\felichia.ico" not defined
2024-11-06 00:40:38,013 - root - ERROR - Erro ao carregar ícone no popup: bitmap "C:\Users\User\Desktop\Gabriel\Estudos\tet\views\popups\assets\icones\felichia.ico" not defined
2024-11-06 00:40:38,015 - root - ERROR - Erro ao definir ícone no MensagemPopup: bitmap "C:\Users\User\Desktop\Gabriel\Estudos\tet\views\popups\assets\icones\felichia.ico" not defined
2024-11-06 00:40:38,024 - criptografia - INFO - Chave de criptografia carregada
2024-11-06 00:40:38,024 - criptografia - INFO - Chave de criptografia carregada
2024-11-06 00:40:38,024 - senha_controller - INFO - Senhas listadas com sucesso
2024-11-06 00:40:38,043 - gerenciador_view - INFO - Lista atualizada com 2 senhas
2024-11-06 00:40:56,439 - criptografia - INFO - Chave de criptografia carregada
2024-11-06 00:40:56,441 - senha_model - INFO - Senha deletada para o site: Suap
2024-11-06 00:40:56,448 - senha_controller - INFO - Senha removida para o site: Suap
2024-11-06 00:40:56,463 - root - ERROR - Erro ao carregar ícone no popup: bitmap "C:\Users\User\Desktop\Gabriel\Estudos\tet\views\popups\assets\icones\felichia.ico" not defined
2024-11-06 00:40:56,465 - root - ERROR - Erro ao definir ícone no MensagemPopup: bitmap "C:\Users\User\Desktop\Gabriel\Estudos\tet\views\popups\assets\icones\felichia.ico" not defined
2024-11-06 00:40:56,473 - criptografia - INFO - Chave de criptografia carregada
2024-11-06 00:40:56,474 - senha_controller - INFO - Senhas listadas com sucesso
2024-11-06 00:40:56,492 - gerenciador_view - INFO - Lista atualizada com 1 senhas
2024-11-06 00:40:58,446 - criptografia - INFO - Chave de criptografia carregada
2024-11-06 00:40:58,448 - senha_model - INFO - Senha deletada para o site: a
2024-11-06 00:40:58,453 - senha_controller - INFO - Senha removida para o site: a
2024-11-06 00:40:58,468 - root - ERROR - Erro ao carregar ícone no popup: bitmap "C:\Users\User\Desktop\Gabriel\Estudos\tet\views\popups\assets\icones\felichia.ico" not defined
2024-11-06 00:40:58,470 - root - ERROR - Erro ao definir ícone no MensagemPopup: bitmap "C:\Users\User\Desktop\Gabriel\Estudos\tet\views\popups\assets\icones\felichia.ico" not defined
2024-11-06 00:40:58,478 - senha_controller - INFO - Senhas listadas com sucesso
2024-11-06 00:40:58,486 - gerenciador_view - INFO - Lista atualizada - nenhuma senha encontrada
2024-11-06 00:40:59,986 - auth_controller - INFO - Logout realizado: Gabriel
2024-11-06 00:42:04,050 - root - INFO - Sistema de logging iniciado com sucesso
2024-11-06 00:43:36,647 - root - INFO - Sistema de logging iniciado com sucesso
2024-11-06 00:53:35,314 - root - INFO - Sistema de logging iniciado com sucesso
2024-11-06 00:54:10,699 - root - INFO - Sistema de logging iniciado com sucesso
2024-11-06 01:00:41,982 - root - INFO - Sistema de logging iniciado com sucesso
2024-11-06 01:01:55,193 - root - INFO - Sistema de logging iniciado com sucesso
2024-11-06 20:02:19,298 - root - INFO - Sistema de logging iniciado com sucesso
2024-11-06 20:02:19,299 - root - INFO - Logging iniciado com sucesso
2024-11-06 20:02:19,431 - root - INFO - Tamanho da fonte alterado para: 13
2024-11-06 20:02:19,438 - database - INFO - Tabelas criadas/verificadas com sucesso
2024-11-06 20:02:19,603 - root - INFO - Procurando som em: C:\Users\User\Desktop\Gabriel\Estudos\tet\assets\sons\startup.wav
2024-11-06 20:02:19,603 - root - INFO - Arquivo de som encontrado!
2024-11-06 20:02:19,606 - root - INFO - Som iniciado com sucesso
2024-11-06 20:02:32,208 - usuario_model - INFO - Usuário atualizado: Gabriel
2024-11-06 20:02:32,224 - root - ERROR - Erro ao carregar ícone no popup: bitmap "C:\Users\User\Desktop\Gabriel\Estudos\tet\views\popups\assets\icones\felichia.ico" not defined
2024-11-06 20:02:32,226 - root - ERROR - Erro ao definir ícone no MensagemPopup: bitmap "C:\Users\User\Desktop\Gabriel\Estudos\tet\views\popups\assets\icones\felichia.ico" not defined
2024-11-06 20:02:42,616 - usuario_model - INFO - Usuário atualizado: Gabriel
2024-11-06 20:02:42,633 - root - ERROR - Erro ao carregar ícone no popup: bitmap "C:\Users\User\Desktop\Gabriel\Estudos\tet\views\popups\assets\icones\felichia.ico" not defined
2024-11-06 20:02:42,634 - root - ERROR - Erro ao definir ícone no MensagemPopup: bitmap "C:\Users\User\Desktop\Gabriel\Estudos\tet\views\popups\assets\icones\felichia.ico" not defined
2024-11-06 20:03:00,085 - auth_controller - WARNING - Tentativa de cadastro de usuário existente: Gabriel
2024-11-06 20:03:00,097 - root - ERROR - Erro ao carregar ícone no popup: bitmap "C:\Users\User\Desktop\Gabriel\Estudos\tet\views\popups\assets\icones\felichia.ico" not defined
2024-11-06 20:03:00,098 - root - ERROR - Erro ao definir ícone no MensagemPopup: bitmap "C:\Users\User\Desktop\Gabriel\Estudos\tet\views\popups\assets\icones\felichia.ico" not defined
2024-11-06 20:03:10,055 - usuario_model - INFO - Usuário atualizado: Gabriel
2024-11-06 20:03:10,068 - root - ERROR - Erro ao carregar ícone no popup: bitmap "C:\Users\User\Desktop\Gabriel\Estudos\tet\views\popups\assets\icones\felichia.ico" not defined
2024-11-06 20:03:10,070 - root - ERROR - Erro ao definir ícone no MensagemPopup: bitmap "C:\Users\User\Desktop\Gabriel\Estudos\tet\views\popups\assets\icones\felichia.ico" not defined
2024-11-06 20:04:04,513 - root - INFO - Sistema de logging iniciado com sucesso
2024-11-06 20:04:04,513 - root - INFO - Logging iniciado com sucesso
2024-11-06 20:04:04,581 - root - INFO - Tamanho da fonte alterado para: 13
2024-11-06 20:04:04,583 - database - INFO - Tabelas criadas/verificadas com sucesso
2024-11-06 20:04:04,638 - root - INFO - Procurando som em: C:\Users\User\Desktop\Gabriel\Estudos\tet\assets\sons\startup.wav
2024-11-06 20:04:04,639 - root - INFO - Arquivo de som encontrado!
2024-11-06 20:04:04,641 - root - INFO - Som iniciado com sucesso
2024-11-06 20:14:01,242 - root - INFO - Sistema de logging iniciado com sucesso
2024-11-06 20:14:01,242 - root - INFO - Logging iniciado com sucesso
2024-11-06 20:14:01,322 - root - INFO - Tamanho da fonte alterado para: 13
2024-11-06 20:14:01,323 - database - INFO - Tabelas criadas/verificadas com sucesso
2024-11-06 20:14:01,381 - root - INFO - Procurando som em: C:\Users\User\Desktop\Gabriel\Estudos\tet\assets\sons\startup.wav
2024-11-06 20:14:01,383 - root - INFO - Arquivo de som encontrado!
2024-11-06 20:14:01,386 - root - INFO - Som iniciado com sucesso
